<?xml version="1.0" encoding="UTF-8"?>
<!-- Generated by org.testng.reporters.JUnitXMLReporter -->
<testsuite ignored="0" hostname="DESKTOP-I14U842" failures="0" tests="5" name="Run on Safari" time="0.016" errors="0" timestamp="28 Jul 2023 08:30:18 GMT">
  <testcase classname="com.nopcommerce.user.Level_04_Multiple_Browser" name="@BeforeClass beforeClass" time="0.0">
    <failure type="java.lang.RuntimeException" message="Browser name is not valid">
      <![CDATA[java.lang.RuntimeException: Browser name is not valid
at com.nopcommerce.user.Level_04_Multiple_Browser.beforeClass(Level_04_Multiple_Browser.java:54)
... Removed 26 stack frames]]>
    </failure>
  </testcase> <!-- @BeforeClass beforeClass -->
  <testcase classname="com.nopcommerce.user.Level_04_Multiple_Browser" name="@AfterClass afterClass" time="0.0">
    <skipped/>
  </testcase> <!-- @AfterClass afterClass -->
  <testcase classname="com.nopcommerce.user.Level_04_Multiple_Browser" name="Register_01_Empty_Data" time="0.0">
    <skipped/>
  </testcase> <!-- Register_01_Empty_Data -->
  <testcase classname="com.nopcommerce.user.Level_04_Multiple_Browser" name="Register_02_Invalid_Email" time="0.0">
    <skipped/>
  </testcase> <!-- Register_02_Invalid_Email -->
  <testcase classname="com.nopcommerce.user.Level_04_Multiple_Browser" name="Register_03_Invalid_Password" time="0.0">
    <skipped/>
  </testcase> <!-- Register_03_Invalid_Password -->
  <testcase classname="com.nopcommerce.user.Level_04_Multiple_Browser" name="Register_04_Incorrect_Confirm_Password" time="0.0">
    <skipped/>
  </testcase> <!-- Register_04_Incorrect_Confirm_Password -->
  <testcase classname="com.nopcommerce.user.Level_04_Multiple_Browser" name="Register_05_Success" time="0.0">
    <skipped/>
  </testcase> <!-- Register_05_Success -->
</testsuite> <!-- Run on Safari -->
