<?xml version="1.0" encoding="UTF-8"?>
<!-- Generated by org.testng.reporters.JUnitReportReporter -->
<testsuite hostname="DESKTOP-I14U842" failures="0" tests="20" name="com.nopcommerce.user.Level_03_Apply_Page_Object_Pattern" time="56.504" errors="1" timestamp="28 Jul 2023 08:27:02 GMT" skipped="0">
  <testcase classname="com.nopcommerce.user.Level_03_Apply_Page_Object_Pattern" name="Register_01_Empty_Data" time="1.625"/>
  <testcase classname="com.nopcommerce.user.Level_03_Apply_Page_Object_Pattern" name="Register_01_Empty_Data" time="1.574"/>
  <testcase classname="com.nopcommerce.user.Level_03_Apply_Page_Object_Pattern" name="Register_05_Success" time="4.235"/>
  <testcase classname="com.nopcommerce.user.Level_03_Apply_Page_Object_Pattern" name="Register_02_Invalid_Email" time="1.475"/>
  <testcase classname="com.nopcommerce.user.Level_03_Apply_Page_Object_Pattern" name="Register_02_Invalid_Email" time="1.579"/>
  <testcase classname="com.nopcommerce.user.Level_03_Apply_Page_Object_Pattern" name="Register_02_Invalid_Email" time="1.509"/>
  <testcase classname="com.nopcommerce.user.Level_03_Apply_Page_Object_Pattern" name="Register_04_Incorrect_Confirm_Password" time="1.981"/>
  <testcase classname="com.nopcommerce.user.Level_03_Apply_Page_Object_Pattern" name="Register_03_Invalid_Password" time="1.474"/>
  <testcase classname="com.nopcommerce.user.Level_03_Apply_Page_Object_Pattern" name="Register_02_Invalid_Email" time="1.541"/>
  <testcase classname="com.nopcommerce.user.Level_03_Apply_Page_Object_Pattern" name="Register_05_Success" time="4.327"/>
  <testcase classname="com.nopcommerce.user.Level_03_Apply_Page_Object_Pattern" name="Register_03_Invalid_Password" time="1.377"/>
  <testcase classname="com.nopcommerce.user.Level_03_Apply_Page_Object_Pattern" name="Register_05_Success" time="4.390"/>
  <testcase classname="com.nopcommerce.user.Level_03_Apply_Page_Object_Pattern" name="Register_04_Incorrect_Confirm_Password" time="2.011"/>
  <testcase classname="com.nopcommerce.user.Level_03_Apply_Page_Object_Pattern" name="Register_03_Invalid_Password" time="1.503"/>
  <testcase classname="com.nopcommerce.user.Level_03_Apply_Page_Object_Pattern" name="Register_05_Success" time="17.346">
    <error message="Expected condition failed: waiting for element to be clickable: By.xpath: //a[@class=&#039;ico-login&#039;] (tried for 15 second(s) with 500 milliseconds interval)" type="org.openqa.selenium.TimeoutException">
      <![CDATA[org.openqa.selenium.TimeoutException: Expected condition failed: waiting for element to be clickable: By.xpath: //a[@class='ico-login'] (tried for 15 second(s) with 500 milliseconds interval)
at org.openqa.selenium.support.ui.WebDriverWait.timeoutException(WebDriverWait.java:95)
at org.openqa.selenium.support.ui.FluentWait.until(FluentWait.java:272)
at commons.BasePage.waitForElementClickable(BasePage.java:341)
at pageObjects.HomePageObject.clickToLoginLink(HomePageObject.java:28)
at com.nopcommerce.user.Level_03_Apply_Page_Object_Pattern.Register_05_Success(Level_03_Apply_Page_Object_Pattern.java:164)
at java.base/jdk.internal.reflect.NativeMethodAccessorImpl.invoke0(Native Method)
at java.base/jdk.internal.reflect.NativeMethodAccessorImpl.invoke(NativeMethodAccessorImpl.java:77)
at java.base/jdk.internal.reflect.DelegatingMethodAccessorImpl.invoke(DelegatingMethodAccessorImpl.java:43)
at java.base/java.lang.reflect.Method.invoke(Method.java:568)
at org.testng.internal.MethodInvocationHelper.invokeMethod(MethodInvocationHelper.java:124)
at org.testng.internal.Invoker.invokeMethod(Invoker.java:583)
at org.testng.internal.Invoker.invokeTestMethod(Invoker.java:719)
at org.testng.internal.Invoker.invokeTestMethods(Invoker.java:989)
at org.testng.internal.TestMethodWorker.invokeTestMethods(TestMethodWorker.java:125)
at org.testng.internal.TestMethodWorker.run(TestMethodWorker.java:109)
at org.testng.TestRunner.privateRun(TestRunner.java:648)
at org.testng.TestRunner.run(TestRunner.java:505)
at org.testng.SuiteRunner.runTest(SuiteRunner.java:455)
at org.testng.SuiteRunner.runSequentially(SuiteRunner.java:450)
at org.testng.SuiteRunner.privateRun(SuiteRunner.java:415)
at org.testng.SuiteRunner.run(SuiteRunner.java:364)
at org.testng.SuiteRunnerWorker.runSuite(SuiteRunnerWorker.java:52)
at org.testng.SuiteRunnerWorker.run(SuiteRunnerWorker.java:84)
at org.testng.TestNG.runSuitesSequentially(TestNG.java:1208)
at org.testng.TestNG.runSuitesLocally(TestNG.java:1137)
at org.testng.TestNG.runSuites(TestNG.java:1049)
at org.testng.TestNG.run(TestNG.java:1017)
at org.testng.remote.AbstractRemoteTestNG.run(AbstractRemoteTestNG.java:115)
at org.testng.remote.RemoteTestNG.initAndRun(RemoteTestNG.java:251)
at org.testng.remote.RemoteTestNG.main(RemoteTestNG.java:77)
Caused by: org.openqa.selenium.NoSuchElementException: Unable to locate element: //a[@class='ico-login']
For documentation on this error, please visit: https://www.seleniumhq.org/exceptions/no_such_element.html
Build info: version: '3.141.59', revision: 'e82be7d358', time: '2018-11-14T08:25:53'
System info: host: 'DESKTOP-I14U842', ip: '192.168.20.114', os.name: 'Windows 10', os.arch: 'amd64', os.version: '10.0', java.version: '17.0.4.1'
Driver info: org.openqa.selenium.firefox.FirefoxDriver
Capabilities {acceptInsecureCerts: true, browserName: firefox, browserVersion: 115.0.2, javascriptEnabled: true, moz:accessibilityChecks: false, moz:buildID: 20230710165010, moz:geckodriverVersion: 0.32.0, moz:headless: false, moz:platformVersion: 10.0, moz:processID: 9272, moz:profile: C:\Users\TUBAOT~1\AppData\L..., moz:shutdownTimeout: 60000, moz:useNonSpecCompliantPointerOrigin: false, moz:webdriverClick: true, moz:windowless: false, pageLoadStrategy: normal, platform: WINDOWS, platformName: WINDOWS, proxy: Proxy(), setWindowRect: true, strictFileInteractability: false, timeouts: {implicit: 0, pageLoad: 300000, script: 30000}, unhandledPromptBehavior: dismiss and notify}
Session ID: 666ea609-d41b-41f8-931f-6e47211ae97f
*** Element info: {Using=xpath, value=//a[@class='ico-login']}
at java.base/jdk.internal.reflect.NativeConstructorAccessorImpl.newInstance0(Native Method)
at java.base/jdk.internal.reflect.NativeConstructorAccessorImpl.newInstance(NativeConstructorAccessorImpl.java:77)
at java.base/jdk.internal.reflect.DelegatingConstructorAccessorImpl.newInstance(DelegatingConstructorAccessorImpl.java:45)
at java.base/java.lang.reflect.Constructor.newInstanceWithCaller(Constructor.java:499)
at java.base/java.lang.reflect.Constructor.newInstance(Constructor.java:480)
at org.openqa.selenium.remote.http.W3CHttpResponseCodec.createException(W3CHttpResponseCodec.java:187)
at org.openqa.selenium.remote.http.W3CHttpResponseCodec.decode(W3CHttpResponseCodec.java:122)
at org.openqa.selenium.remote.http.W3CHttpResponseCodec.decode(W3CHttpResponseCodec.java:49)
at org.openqa.selenium.remote.HttpCommandExecutor.execute(HttpCommandExecutor.java:158)
at org.openqa.selenium.remote.service.DriverCommandExecutor.execute(DriverCommandExecutor.java:83)
at org.openqa.selenium.remote.RemoteWebDriver.execute(RemoteWebDriver.java:552)
at org.openqa.selenium.remote.RemoteWebDriver.findElement(RemoteWebDriver.java:323)
at org.openqa.selenium.remote.RemoteWebDriver.findElementByXPath(RemoteWebDriver.java:428)
at org.openqa.selenium.By$ByXPath.findElement(By.java:353)
at org.openqa.selenium.remote.RemoteWebDriver.findElement(RemoteWebDriver.java:315)
at org.openqa.selenium.support.ui.ExpectedConditions$7.apply(ExpectedConditions.java:205)
at org.openqa.selenium.support.ui.ExpectedConditions$7.apply(ExpectedConditions.java:201)
at org.openqa.selenium.support.ui.ExpectedConditions$22.apply(ExpectedConditions.java:641)
at org.openqa.selenium.support.ui.ExpectedConditions$22.apply(ExpectedConditions.java:638)
at org.openqa.selenium.support.ui.FluentWait.until(FluentWait.java:249)
... 28 more
]]>
    </error>
  </testcase> <!-- Register_05_Success -->
  <testcase classname="com.nopcommerce.user.Level_03_Apply_Page_Object_Pattern" name="Register_04_Incorrect_Confirm_Password" time="1.885"/>
  <testcase classname="com.nopcommerce.user.Level_03_Apply_Page_Object_Pattern" name="Register_01_Empty_Data" time="1.613"/>
  <testcase classname="com.nopcommerce.user.Level_03_Apply_Page_Object_Pattern" name="Register_03_Invalid_Password" time="1.510"/>
  <testcase classname="com.nopcommerce.user.Level_03_Apply_Page_Object_Pattern" name="Register_01_Empty_Data" time="1.547"/>
  <testcase classname="com.nopcommerce.user.Level_03_Apply_Page_Object_Pattern" name="Register_04_Incorrect_Confirm_Password" time="2.002"/>
</testsuite> <!-- com.nopcommerce.user.Level_03_Apply_Page_Object_Pattern -->
